<STACKDUMP>
stack "stack_main" (ok) [0xffffcbb0]
{
	data[32] = 237056
	{
	     *	[0] = 0
	     *	[1] = 1
	     *	[2] = 2
	     *	[3] = 3
	     *	[4] = 4
	     *	[5] = 5
	     *	[6] = 6
	     *	[7] = 7
	     *	[8] = 8
	     *	[9] = 9
	     *	[10] = 10
	     *	[11] = 11
	     *	[12] = 12
	     *	[13] = 13
	     *	[14] = 14
	     *	[15] = 15
	     *	[16] = 16
	     *	[17] = 17
	     *	[18] = 18
	     *	[19] = 19
	     *	[20] = 20
	      	[21] = -666	FREE
	      	[22] = -666	FREE
	      	[23] = -666	FREE
	      	[24] = -666	FREE
	      	[25] = -666	FREE
	      	[26] = -666	FREE
	      	[27] = -666	FREE
	      	[28] = -666	FREE
	      	[29] = -666	FREE
	      	[30] = -666	FREE
	      	[31] = -666	FREE
	};
	size = 21;
	capacity = 32;
};
